#
# There is insufficient memory for the Java Runtime Environment to continue.
# Native memory allocation (malloc) failed to allocate 897696 bytes for Chunk::new
# Possible reasons:
#   The system is out of physical RAM or swap space
#   In 32 bit mode, the process size limit was hit
# Possible solutions:
#   Reduce memory load on the system
#   Increase physical memory or swap space
#   Check if swap backing store is full
#   Use 64 bit Java on a 64 bit OS
#   Decrease Java heap size (-Xmx/-Xms)
#   Decrease number of Java threads
#   Decrease Java thread stack sizes (-Xss)
#   Set larger code cache with -XX:ReservedCodeCacheSize=
# This output file may be truncated or incomplete.
#
#  Out of Memory Error (allocation.cpp:388), pid=9052, tid=2772
#
# JRE version: Java(TM) SE Runtime Environment (8.0_05-b13) (build 1.8.0_05-b13)
# Java VM: Java HotSpot(TM) 64-Bit Server VM (25.5-b02 mixed mode windows-amd64 compressed oops)
# Failed to write core dump. Minidumps are not enabled by default on client versions of Windows
#

---------------  T H R E A D  ---------------

Current thread (0x000000000962b000):  JavaThread "C2 CompilerThread0" daemon [_thread_in_native, id=2772, stack(0x0000000009c00000,0x0000000009d00000)]

Stack: [0x0000000009c00000,0x0000000009d00000]
Native frames: (J=compiled Java code, j=interpreted, Vv=VM code, C=native code)
V  [jvm.dll+0x308dea]


Current CompileTask:
C2:   1842 2116       4       com.android.dx.merge.IndexMap$EncodedValueTransformer::transform (495 bytes)


---------------  P R O C E S S  ---------------

Java Threads: ( => current thread )
  0x00000000096b9800 JavaThread "Service Thread" daemon [_thread_blocked, id=3848, stack(0x000000000a000000,0x000000000a100000)]
  0x0000000009638800 JavaThread "C1 CompilerThread3" daemon [_thread_blocked, id=8016, stack(0x0000000009f00000,0x000000000a000000)]
  0x0000000009634000 JavaThread "C2 CompilerThread2" daemon [_thread_in_native, id=8236, stack(0x0000000009e00000,0x0000000009f00000)]
  0x0000000009631000 JavaThread "C2 CompilerThread1" daemon [_thread_in_native, id=6564, stack(0x0000000009d00000,0x0000000009e00000)]
=>0x000000000962b000 JavaThread "C2 CompilerThread0" daemon [_thread_in_native, id=2772, stack(0x0000000009c00000,0x0000000009d00000)]
  0x0000000009625000 JavaThread "Attach Listener" daemon [_thread_blocked, id=5036, stack(0x0000000009b00000,0x0000000009c00000)]
  0x0000000009624000 JavaThread "Signal Dispatcher" daemon [_thread_blocked, id=8732, stack(0x0000000009a00000,0x0000000009b00000)]
  0x00000000038f7800 JavaThread "Finalizer" daemon [_thread_blocked, id=8076, stack(0x00000000092f0000,0x00000000093f0000)]
  0x000000000741c000 JavaThread "Reference Handler" daemon [_thread_blocked, id=4232, stack(0x00000000091f0000,0x00000000092f0000)]
  0x0000000003802800 JavaThread "main" [_thread_in_vm, id=7244, stack(0x0000000003420000,0x0000000003520000)]

Other Threads:
  0x0000000007418000 VMThread [stack: 0x00000000090f0000,0x00000000091f0000] [id=5696]
  0x00000000096ba800 WatcherThread [stack: 0x000000000a100000,0x000000000a200000] [id=6488]

VM state:not at safepoint (normal execution)

VM Mutex/Monitor currently owned by a thread:  ([mutex/lock_event])
[0x00000000033ad590] AdapterHandlerLibrary_lock - owner thread: 0x0000000003802800

Heap:
 PSYoungGen      total 26624K, used 9710K [0x00000000eab00000, 0x00000000ecd00000, 0x0000000100000000)
  eden space 18432K, 13% used [0x00000000eab00000,0x00000000ead62d10,0x00000000ebd00000)
  from space 8192K, 88% used [0x00000000ebd00000,0x00000000ec418c68,0x00000000ec500000)
  to   space 8192K, 0% used [0x00000000ec500000,0x00000000ec500000,0x00000000ecd00000)
 ParOldGen       total 129536K, used 28384K [0x00000000c0000000, 0x00000000c7e80000, 0x00000000eab00000)
  object space 129536K, 21% used [0x00000000c0000000,0x00000000c1bb8200,0x00000000c7e80000)
 Metaspace       used 7071K, capacity 7608K, committed 7680K, reserved 1056768K
  class space    used 743K, capacity 752K, committed 768K, reserved 1048576K

Card table byte_map: [0x0000000003cc0000,0x0000000003ed0000] byte_map_base: 0x00000000036c0000

Marking Bits: (ParMarkBitMap*) 0x00000000544a13b0
 Begin Bits: [0x0000000004830000, 0x0000000005830000)
 End Bits:   [0x0000000005830000, 0x0000000006830000)

Polling page: 0x0000000003200000

CodeCache: size=245760Kb used=7143Kb max_used=7145Kb free=238616Kb
 bounds [0x000000000f010000, 0x000000000f720000, 0x000000001e010000]
 total_blobs=2447 nmethods=2162 adapters=199
 compilation: enabled

Compilation events (10 events):
Event: 1.802 Thread 0x0000000009631000 nmethod 2106 0x000000000f70f610 code [0x000000000f70f7a0, 0x000000000f70fd48]
Event: 1.802 Thread 0x0000000009631000 2156       4       com.android.dex.Dex$Section::readCode (136 bytes)
Event: 1.803 Thread 0x0000000009638800 2167       3       com.android.dx.merge.DexMerger::transformCatchHandlers (65 bytes)
Event: 1.803 Thread 0x0000000009638800 nmethod 2167 0x000000000f70d710 code [0x000000000f70d8c0, 0x000000000f70df98]
Event: 1.803 Thread 0x0000000009638800 2168       3       com.android.dx.merge.DexMerger::transformTries (61 bytes)
Event: 1.804 Thread 0x0000000009638800 nmethod 2168 0x000000000f70cc90 code [0x000000000f70ce40, 0x000000000f70d408]
Event: 1.827 Thread 0x0000000009638800 2169       3       java.security.MessageDigest::update (45 bytes)
Event: 1.827 Thread 0x0000000009638800 nmethod 2169 0x000000000f70c5d0 code [0x000000000f70c760, 0x000000000f70cb28]
Event: 1.827 Thread 0x0000000009638800 2170       3       java.security.MessageDigest$Delegate::engineUpdate (11 bytes)
Event: 1.827 Thread 0x0000000009638800 nmethod 2170 0x000000000f6fa610 code [0x000000000f6fa780, 0x000000000f6fa9a8]

GC Heap History (10 events):
Event: 0.784 GC heap before
{Heap before GC invocations=9 (full 0):
 PSYoungGen      total 9728K, used 9696K [0x00000000eab00000, 0x00000000eb800000, 0x0000000100000000)
  eden space 7680K, 100% used [0x00000000eab00000,0x00000000eb280000,0x00000000eb280000)
  from space 2048K, 98% used [0x00000000eb500000,0x00000000eb6f8018,0x00000000eb700000)
  to   space 2560K, 0% used [0x00000000eb280000,0x00000000eb280000,0x00000000eb500000)
 ParOldGen       total 129536K, used 2093K [0x00000000c0000000, 0x00000000c7e80000, 0x00000000eab00000)
  object space 129536K, 1% used [0x00000000c0000000,0x00000000c020b638,0x00000000c7e80000)
 Metaspace       used 5270K, capacity 6704K, committed 6784K, reserved 1056768K
  class space    used 546K, capacity 616K, committed 640K, reserved 1048576K
Event: 0.788 GC heap after
Heap after GC invocations=9 (full 0):
 PSYoungGen      total 10240K, used 2528K [0x00000000eab00000, 0x00000000ebe00000, 0x0000000100000000)
  eden space 7680K, 0% used [0x00000000eab00000,0x00000000eab00000,0x00000000eb280000)
  from space 2560K, 98% used [0x00000000eb280000,0x00000000eb4f8010,0x00000000eb500000)
  to   space 3584K, 0% used [0x00000000eba80000,0x00000000eba80000,0x00000000ebe00000)
 ParOldGen       total 129536K, used 3075K [0x00000000c0000000, 0x00000000c7e80000, 0x00000000eab00000)
  object space 129536K, 2% used [0x00000000c0000000,0x00000000c0300fc8,0x00000000c7e80000)
 Metaspace       used 5270K, capacity 6704K, committed 6784K, reserved 1056768K
  class space    used 546K, capacity 616K, committed 640K, reserved 1048576K
}
Event: 0.845 GC heap before
{Heap before GC invocations=10 (full 0):
 PSYoungGen      total 10240K, used 10167K [0x00000000eab00000, 0x00000000ebe00000, 0x0000000100000000)
  eden space 7680K, 99% used [0x00000000eab00000,0x00000000eb275d30,0x00000000eb280000)
  from space 2560K, 98% used [0x00000000eb280000,0x00000000eb4f8010,0x00000000eb500000)
  to   space 3584K, 0% used [0x00000000eba80000,0x00000000eba80000,0x00000000ebe00000)
 ParOldGen       total 129536K, used 3075K [0x00000000c0000000, 0x00000000c7e80000, 0x00000000eab00000)
  object space 129536K, 2% used [0x00000000c0000000,0x00000000c0300fc8,0x00000000c7e80000)
 Metaspace       used 5299K, capacity 6704K, committed 6784K, reserved 1056768K
  class space    used 547K, capacity 616K, committed 640K, reserved 1048576K
Event: 0.851 GC heap after
Heap after GC invocations=10 (full 0):
 PSYoungGen      total 14848K, used 3562K [0x00000000eab00000, 0x00000000ec000000, 0x0000000100000000)
  eden space 11264K, 0% used [0x00000000eab00000,0x00000000eab00000,0x00000000eb600000)
  from space 3584K, 99% used [0x00000000eba80000,0x00000000ebdfa9d8,0x00000000ebe00000)
  to   space 4608K, 0% used [0x00000000eb600000,0x00000000eb600000,0x00000000eba80000)
 ParOldGen       total 129536K, used 4390K [0x00000000c0000000, 0x00000000c7e80000, 0x00000000eab00000)
  object space 129536K, 3% used [0x00000000c0000000,0x00000000c04498e0,0x00000000c7e80000)
 Metaspace       used 5299K, capacity 6704K, committed 6784K, reserved 1056768K
  class space    used 547K, capacity 616K, committed 640K, reserved 1048576K
}
Event: 1.618 GC heap before
{Heap before GC invocations=11 (full 0):
 PSYoungGen      total 14848K, used 14826K [0x00000000eab00000, 0x00000000ec000000, 0x0000000100000000)
  eden space 11264K, 100% used [0x00000000eab00000,0x00000000eb600000,0x00000000eb600000)
  from space 3584K, 99% used [0x00000000eba80000,0x00000000ebdfa9d8,0x00000000ebe00000)
  to   space 4608K, 0% used [0x00000000eb600000,0x00000000eb600000,0x00000000eba80000)
 ParOldGen       total 129536K, used 4390K [0x00000000c0000000, 0x00000000c7e80000, 0x00000000eab00000)
  object space 129536K, 3% used [0x00000000c0000000,0x00000000c04498e0,0x00000000c7e80000)
 Metaspace       used 7018K, capacity 7608K, committed 7680K, reserved 1056768K
  class space    used 742K, capacity 752K, committed 768K, reserved 1048576K
Event: 1.624 GC heap after
Heap after GC invocations=11 (full 0):
 PSYoungGen      total 15872K, used 4586K [0x00000000eab00000, 0x00000000ecd00000, 0x0000000100000000)
  eden space 11264K, 0% used [0x00000000eab00000,0x00000000eab00000,0x00000000eb600000)
  from space 4608K, 99% used [0x00000000eb600000,0x00000000eba7a910,0x00000000eba80000)
  to   space 8192K, 0% used [0x00000000ec500000,0x00000000ec500000,0x00000000ecd00000)
 ParOldGen       total 129536K, used 12913K [0x00000000c0000000, 0x00000000c7e80000, 0x00000000eab00000)
  object space 129536K, 9% used [0x00000000c0000000,0x00000000c0c9c748,0x00000000c7e80000)
 Metaspace       used 7018K, capacity 7608K, committed 7680K, reserved 1056768K
  class space    used 742K, capacity 752K, committed 768K, reserved 1048576K
}
Event: 1.717 GC heap before
{Heap before GC invocations=12 (full 0):
 PSYoungGen      total 15872K, used 14873K [0x00000000eab00000, 0x00000000ecd00000, 0x0000000100000000)
  eden space 11264K, 91% used [0x00000000eab00000,0x00000000eb50bed0,0x00000000eb600000)
  from space 4608K, 99% used [0x00000000eb600000,0x00000000eba7a910,0x00000000eba80000)
  to   space 8192K, 0% used [0x00000000ec500000,0x00000000ec500000,0x00000000ecd00000)
 ParOldGen       total 129536K, used 12913K [0x00000000c0000000, 0x00000000c7e80000, 0x00000000eab00000)
  object space 129536K, 9% used [0x00000000c0000000,0x00000000c0c9c748,0x00000000c7e80000)
 Metaspace       used 7051K, capacity 7608K, committed 7680K, reserved 1056768K
  class space    used 743K, capacity 752K, committed 768K, reserved 1048576K
Event: 1.721 GC heap after
Heap after GC invocations=12 (full 0):
 PSYoungGen      total 26624K, used 2256K [0x00000000eab00000, 0x00000000ecd00000, 0x0000000100000000)
  eden space 18432K, 0% used [0x00000000eab00000,0x00000000eab00000,0x00000000ebd00000)
  from space 8192K, 27% used [0x00000000ec500000,0x00000000ec7340f0,0x00000000ecd00000)
  to   space 8192K, 0% used [0x00000000ebd00000,0x00000000ebd00000,0x00000000ec500000)
 ParOldGen       total 129536K, used 15430K [0x00000000c0000000, 0x00000000c7e80000, 0x00000000eab00000)
  object space 129536K, 11% used [0x00000000c0000000,0x00000000c0f11ac8,0x00000000c7e80000)
 Metaspace       used 7051K, capacity 7608K, committed 7680K, reserved 1056768K
  class space    used 743K, capacity 752K, committed 768K, reserved 1048576K
}
Event: 1.806 GC heap before
{Heap before GC invocations=13 (full 0):
 PSYoungGen      total 26624K, used 20688K [0x00000000eab00000, 0x00000000ecd00000, 0x0000000100000000)
  eden space 18432K, 100% used [0x00000000eab00000,0x00000000ebd00000,0x00000000ebd00000)
  from space 8192K, 27% used [0x00000000ec500000,0x00000000ec7340f0,0x00000000ecd00000)
  to   space 8192K, 0% used [0x00000000ebd00000,0x00000000ebd00000,0x00000000ec500000)
 ParOldGen       total 129536K, used 15430K [0x00000000c0000000, 0x00000000c7e80000, 0x00000000eab00000)
  object space 129536K, 11% used [0x00000000c0000000,0x00000000c0f11ac8,0x00000000c7e80000)
 Metaspace       used 7070K, capacity 7608K, committed 7680K, reserved 1056768K
  class space    used 743K, capacity 752K, committed 768K, reserved 1048576K
Event: 1.813 GC heap after
Heap after GC invocations=13 (full 0):
 PSYoungGen      total 26624K, used 7267K [0x00000000eab00000, 0x00000000ecd00000, 0x0000000100000000)
  eden space 18432K, 0% used [0x00000000eab00000,0x00000000eab00000,0x00000000ebd00000)
  from space 8192K, 88% used [0x00000000ebd00000,0x00000000ec418c68,0x00000000ec500000)
  to   space 8192K, 0% used [0x00000000ec500000,0x00000000ec500000,0x00000000ecd00000)
 ParOldGen       total 129536K, used 28384K [0x00000000c0000000, 0x00000000c7e80000, 0x00000000eab00000)
  object space 129536K, 21% used [0x00000000c0000000,0x00000000c1bb8200,0x00000000c7e80000)
 Metaspace       used 7070K, capacity 7608K, committed 7680K, reserved 1056768K
  class space    used 743K, capacity 752K, committed 768K, reserved 1048576K
}

Deoptimization events (10 events):
Event: 1.015 Thread 0x0000000003802800 Uncommon trap: reason=class_check action=maybe_recompile pc=0x000000000f4d76a0 method=java.util.HashMap.putVal(ILjava/lang/Object;Ljava/lang/Object;ZZ)Ljava/lang/Object; @ 56
Event: 1.094 Thread 0x0000000003802800 Uncommon trap: reason=predicate action=maybe_recompile pc=0x000000000f59da04 method=com.android.dex.Leb128.writeUnsignedLeb128(Lcom/android/dex/util/ByteOutput;I)V @ 9
Event: 1.534 Thread 0x0000000003802800 Uncommon trap: reason=class_check action=maybe_recompile pc=0x000000000f3ff7e4 method=java.util.ArrayList.<init>(Ljava/util/Collection;)V @ 6
Event: 1.543 Thread 0x0000000003802800 Uncommon trap: reason=class_check action=maybe_recompile pc=0x000000000f3ff7e4 method=java.util.ArrayList.<init>(Ljava/util/Collection;)V @ 6
Event: 1.566 Thread 0x0000000003802800 Uncommon trap: reason=predicate action=maybe_recompile pc=0x000000000f5dce80 method=com.android.dex.Leb128.readUnsignedLeb128(Lcom/android/dex/util/ByteInput;)I @ 41
Event: 1.572 Thread 0x0000000003802800 Uncommon trap: reason=unreached action=reinterpret pc=0x000000000f5741cc method=java.util.HashMap.putVal(ILjava/lang/Object;Ljava/lang/Object;ZZ)Ljava/lang/Object; @ 109
Event: 1.674 Thread 0x0000000003802800 Uncommon trap: reason=unreached action=reinterpret pc=0x000000000f4cd9dc method=java.util.HashMap.getNode(ILjava/lang/Object;)Ljava/util/HashMap$Node; @ 84
Event: 1.680 Thread 0x0000000003802800 Uncommon trap: reason=unreached action=reinterpret pc=0x000000000f4c37fc method=java.util.HashMap.getNode(ILjava/lang/Object;)Ljava/util/HashMap$Node; @ 84
Event: 1.687 Thread 0x0000000003802800 Uncommon trap: reason=unloaded action=reinterpret pc=0x000000000f6b75b0 method=com.android.dx.io.instructions.InstructionCodec.decodeRegisterList(Lcom/android/dx/io/instructions/InstructionCodec;ILcom/android/dx/io/instructions/CodeInput;)Lcom/android/dx/irþƒs•/û?
Event: 1.699 Thread 0x0000000003802800 Uncommon trap: reason=unloaded action=reinterpret pc=0x000000000f6c8584 method=com.android.dx.io.instructions.InstructionCodec.decodeRegisterList(Lcom/android/dx/io/instructions/InstructionCodec;ILcom/android/dx/io/instructions/CodeInput;)Lcom/android/dx/i¢¸XA=ð?

Internal exceptions (10 events):
Event: 1.161 Thread 0x0000000003802800 Exception <a 'java/security/PrivilegedActionException'> (0x00000000eb088dc0) thrown at [D:\re\workspace\8-2-build-windows-amd64-cygwin\jdk8u5\2488\hotspot\src\share\vm\prims\jvm.cpp, line 1248]
Event: 1.161 Thread 0x0000000003802800 Exception <a 'java/security/PrivilegedActionException'> (0x00000000eb089108) thrown at [D:\re\workspace\8-2-build-windows-amd64-cygwin\jdk8u5\2488\hotspot\src\share\vm\prims\jvm.cpp, line 1248]
Event: 1.535 Thread 0x0000000003802800 Exception <a 'java/security/PrivilegedActionException'> (0x00000000eb08cc50) thrown at [D:\re\workspace\8-2-build-windows-amd64-cygwin\jdk8u5\2488\hotspot\src\share\vm\prims\jvm.cpp, line 1248]
Event: 1.536 Thread 0x0000000003802800 Exception <a 'java/security/PrivilegedActionException'> (0x00000000eb08ea98) thrown at [D:\re\workspace\8-2-build-windows-amd64-cygwin\jdk8u5\2488\hotspot\src\share\vm\prims\jvm.cpp, line 1248]
Event: 1.539 Thread 0x0000000003802800 Exception <a 'java/security/PrivilegedActionException'> (0x00000000eb090ca8) thrown at [D:\re\workspace\8-2-build-windows-amd64-cygwin\jdk8u5\2488\hotspot\src\share\vm\prims\jvm.cpp, line 1248]
Event: 1.539 Thread 0x0000000003802800 Exception <a 'java/security/PrivilegedActionException'> (0x00000000eb091588) thrown at [D:\re\workspace\8-2-build-windows-amd64-cygwin\jdk8u5\2488\hotspot\src\share\vm\prims\jvm.cpp, line 1248]
Event: 1.544 Thread 0x0000000003802800 Exception <a 'java/security/PrivilegedActionException'> (0x00000000eb0a1ef0) thrown at [D:\re\workspace\8-2-build-windows-amd64-cygwin\jdk8u5\2488\hotspot\src\share\vm\prims\jvm.cpp, line 1248]
Event: 1.544 Thread 0x0000000003802800 Exception <a 'java/security/PrivilegedActionException'> (0x00000000eb0a27d0) thrown at [D:\re\workspace\8-2-build-windows-amd64-cygwin\jdk8u5\2488\hotspot\src\share\vm\prims\jvm.cpp, line 1248]
Event: 1.544 Thread 0x0000000003802800 Exception <a 'java/security/PrivilegedActionException'> (0x00000000eb0a4168) thrown at [D:\re\workspace\8-2-build-windows-amd64-cygwin\jdk8u5\2488\hotspot\src\share\vm\prims\jvm.cpp, line 1248]
Event: 1.544 Thread 0x0000000003802800 Exception <a 'java/security/PrivilegedActionException'> (0x00000000eb0a4a68) thrown at [D:\re\workspace\8-2-build-windows-amd64-cygwin\jdk8u5\2488\hotspot\src\share\vm\prims\jvm.cpp, line 1248]

Events (10 events):
Event: 1.698 Thread 0x0000000003802800 DEOPT UNPACKING pc=0x000000000f057604 sp=0x000000000351edb0 mode 0
Event: 1.699 Thread 0x0000000003802800 Uncommon trap: trap_request=0x0000001d fr.pc=0x000000000f6c8584
Event: 1.699 Thread 0x0000000003802800 DEOPT PACKING pc=0x000000000f6c8584 sp=0x000000000351ef80
Event: 1.699 Thread 0x0000000003802800 DEOPT UNPACKING pc=0x000000000f0555af sp=0x000000000351ef08 mode 2
Event: 1.701 Thread 0x0000000003802800 DEOPT PACKING pc=0x000000000f638770 sp=0x000000000351f090
Event: 1.701 Thread 0x0000000003802800 DEOPT UNPACKING pc=0x000000000f057604 sp=0x000000000351edb0 mode 0
Event: 1.717 Executing VM operation: ParallelGCFailedAllocation
Event: 1.721 Executing VM operation: ParallelGCFailedAllocation done
Event: 1.805 Executing VM operation: ParallelGCFailedAllocation
Event: 1.813 Executing VM operation: ParallelGCFailedAllocation done


Dynamic libraries:
0x000007f783a10000 - 0x000007f783a44000 	C:\PROGRA~1\Java\JDK18~1.0_0\bin\java.exe
0x000007ff258a0000 - 0x000007ff25a5e000 	C:\Windows\SYSTEM32\ntdll.dll
0x000007ff25760000 - 0x000007ff25897000 	C:\Windows\system32\KERNEL32.DLL
0x000007ff22b70000 - 0x000007ff22c64000 	C:\Windows\system32\KERNELBASE.dll
0x000007ff21100000 - 0x000007ff2119f000 	C:\Windows\system32\apphelp.dll
0x000007ff24380000 - 0x000007ff2445e000 	C:\Windows\system32\ADVAPI32.dll
0x000007ff245e0000 - 0x000007ff2472c000 	C:\Windows\system32\USER32.dll
0x000007ff21360000 - 0x000007ff215ca000 	C:\Windows\WinSxS\amd64_microsoft.windows.common-controls_6595b64144ccf1df_6.0.9200.16579_none_418ab7ef718b27ef\COMCTL32.dll
0x000007ff24270000 - 0x000007ff24315000 	C:\Windows\system32\msvcrt.dll
0x000007ff255a0000 - 0x000007ff255e8000 	C:\Windows\SYSTEM32\sechost.dll
0x000007ff24bf0000 - 0x000007ff24d35000 	C:\Windows\system32\RPCRT4.dll
0x000007ff24fd0000 - 0x000007ff25111000 	C:\Windows\system32\GDI32.dll
0x000007ff25550000 - 0x000007ff25589000 	C:\Windows\system32\IMM32.DLL
0x000007ff25280000 - 0x000007ff25395000 	C:\Windows\system32\MSCTF.dll
0x000007ff226c0000 - 0x000007ff226ef000 	C:\Windows\system32\nvinitx.dll
0x000000000f000000 - 0x000000000f006000 	C:\Program Files\NVIDIA Corporation\CoProcManager\detoured.dll
0x000007ff1fdb0000 - 0x000007ff1fe0f000 	C:\Program Files\NVIDIA Corporation\CoProcManager\nvd3d9wrapx.dll
0x000007ff24a20000 - 0x000007ff24bf0000 	C:\Windows\system32\SETUPAPI.dll
0x000007ff227e0000 - 0x000007ff2282f000 	C:\Windows\system32\CFGMGR32.dll
0x000007ff22830000 - 0x000007ff22852000 	C:\Windows\system32\DEVOBJ.dll
0x000007ff1fae0000 - 0x000007ff1fb26000 	C:\Program Files\NVIDIA Corporation\CoProcManager\nvdxgiwrapx.dll
0x000007ff223f0000 - 0x000007ff2246c000 	C:\Windows\system32\guard64.dll
0x000007ff25590000 - 0x000007ff25597000 	C:\Windows\system32\PSAPI.DLL
0x000007ff223e0000 - 0x000007ff223e9000 	C:\Windows\SYSTEM32\VERSION.dll
0x000007ff223d0000 - 0x000007ff223da000 	C:\Windows\SYSTEM32\fltlib.dll
0x000007ff223a0000 - 0x000007ff223ce000 	C:\Windows\SYSTEM32\ntmarta.dll
0x0000000053950000 - 0x0000000053a22000 	C:\PROGRA~1\Java\JDK18~1.0_0\jre\bin\msvcr100.dll
0x0000000053cf0000 - 0x000000005451a000 	C:\PROGRA~1\Java\JDK18~1.0_0\jre\bin\server\jvm.dll
0x000007ff13790000 - 0x000007ff13799000 	C:\Windows\SYSTEM32\WSOCK32.dll
0x000007ff1c0e0000 - 0x000007ff1c100000 	C:\Windows\SYSTEM32\WINMM.dll
0x000007ff24320000 - 0x000007ff24378000 	C:\Windows\system32\WS2_32.dll
0x000007ff1be80000 - 0x000007ff1beb3000 	C:\Windows\SYSTEM32\WINMMBASE.dll
0x000007ff25540000 - 0x000007ff25549000 	C:\Windows\system32\NSI.dll
0x00000000549c0000 - 0x00000000549cf000 	C:\PROGRA~1\Java\JDK18~1.0_0\jre\bin\verify.dll
0x0000000054990000 - 0x00000000549b8000 	C:\PROGRA~1\Java\JDK18~1.0_0\jre\bin\java.dll
0x0000000054970000 - 0x0000000054986000 	C:\PROGRA~1\Java\JDK18~1.0_0\jre\bin\zip.dll
0x000007ff22f80000 - 0x000007ff24265000 	C:\Windows\system32\SHELL32.dll
0x00000000093f0000 - 0x00000000095a0000 	C:\Windows\SYSTEM32\combase.dll
0x00000000095a0000 - 0x00000000095f0000 	C:\Windows\system32\SHLWAPI.dll
0x000007ff21a60000 - 0x000007ff21af6000 	C:\Windows\SYSTEM32\SHCORE.dll
0x000007ff227c0000 - 0x000007ff227d5000 	C:\Windows\system32\profapi.dll
0x000007ff20050000 - 0x000007ff201b3000 	C:\Windows\SYSTEM32\dbghelp.dll

VM Arguments:
jvm_args: -Xmx1024M -Xss1m -Djava.ext.dirs=d:\Android\sdk1\build-tools\21.1.2\lib 
java_command: d:\Android\sdk1\build-tools\21.1.2\lib\dx.jar --dex --output C:\Users\rsdev\AndroidStudioProjects\ArrowProject_old\app\build\intermediates\dex\debug --input-list C:\Users\rsdev\AndroidStudioProjects\ArrowProject_old\app\build\intermediates\tmp\dex\debug\inputList.txt
java_class_path (initial): d:\Android\sdk1\build-tools\21.1.2\lib\dx.jar
Launcher Type: SUN_STANDARD

Environment Variables:
JAVA_HOME=C:\Program Files\Java\jdk1.8.0_05
PATH=C:\Program Files (x86)\NVIDIA Corporation\PhysX\Common;C:\Program Files (x86)\Intel\iCLS Client\;C:\Program Files\Intel\iCLS Client\;C:\Windows\system32;C:\Windows;C:\Windows\System32\Wbem;C:\Windows\System32\WindowsPowerShell\v1.0\;C:\Program Files\Intel\Intel(R) Management Engine Components\DAL;C:\Program Files\Intel\Intel(R) Management Engine Components\IPT;C:\Program Files (x86)\Intel\Intel(R) Management Engine Components\DAL;C:\Program Files (x86)\Intel\Intel(R) Management Engine Components\IPT;C:\Program Files (x86)\Intel\OpenCL SDK\2.0\bin\x86;C:\Program Files (x86)\Intel\OpenCL SDK\2.0\bin\x64;C:\Program Files (x86)\Microsoft SQL Server\100\Tools\Binn\;C:\Program Files\Microsoft SQL Server\100\Tools\Binn\;C:\Program Files\Microsoft SQL Server\100\DTS\Binn\;C:\Program Files (x86)\GtkSharp\2.12\bin;C:\Program Files (x86)\Microsoft SQL Server\100\DTS\Binn\;C:\Program Files (x86)\Microsoft SQL Server\100\Tools\Binn\VSShell\Common7\IDE\;C:\WebServers\usr\local\instantclient_10_2
USERNAME=rsdev
OS=Windows_NT
PROCESSOR_IDENTIFIER=Intel64 Family 6 Model 58 Stepping 9, GenuineIntel



---------------  S Y S T E M  ---------------

OS: Windows 8 , 64 bit Build 9200 

CPU:total 8 (4 cores per cpu, 2 threads per core) family 6 model 58 stepping 9, cmov, cx8, fxsr, mmx, sse, sse2, sse3, ssse3, sse4.1, sse4.2, popcnt, avx, aes, clmul, erms, ht, tsc, tscinvbit

Memory: 4k page, physical 8279124k(1821940k free), swap 8279124k(5120k free)

vm_info: Java HotSpot(TM) 64-Bit Server VM (25.5-b02) for windows-amd64 JRE (1.8.0_05-b13), built on Mar 18 2014 01:08:39 by "java_re" with MS VC++ 10.0 (VS2010)

time: Mon Mar 16 08:59:52 2015
elapsed time: 1 seconds

