#
# There is insufficient memory for the Java Runtime Environment to continue.
# Native memory allocation (malloc) failed to allocate 1048576 bytes for AllocateHeap
# Possible reasons:
#   The system is out of physical RAM or swap space
#   In 32 bit mode, the process size limit was hit
# Possible solutions:
#   Reduce memory load on the system
#   Increase physical memory or swap space
#   Check if swap backing store is full
#   Use 64 bit Java on a 64 bit OS
#   Decrease Java heap size (-Xmx/-Xms)
#   Decrease number of Java threads
#   Decrease Java thread stack sizes (-Xss)
#   Set larger code cache with -XX:ReservedCodeCacheSize=
# This output file may be truncated or incomplete.
#
#  Out of Memory Error (memory/allocation.inline.hpp:62), pid=7896, tid=7960
#
# JRE version:  (8.0_05-b13) (build )
# Java VM: Java HotSpot(TM) 64-Bit Server VM (25.5-b02 mixed mode windows-amd64 compressed oops)
# Failed to write core dump. Minidumps are not enabled by default on client versions of Windows
#

---------------  T H R E A D  ---------------

Current thread (0x00000000028b1000):  JavaThread "Unknown thread" [_thread_in_vm, id=7960, stack(0x00000000023e0000,0x00000000024e0000)]

Stack: [0x00000000023e0000,0x00000000024e0000]
Native frames: (J=compiled Java code, j=interpreted, Vv=VM code, C=native code)
V  [jvm.dll+0x308dea]


---------------  P R O C E S S  ---------------

Java Threads: ( => current thread )

Other Threads:

=>0x00000000028b1000 (exited) JavaThread "Unknown thread" [_thread_in_vm, id=7960, stack(0x00000000023e0000,0x00000000024e0000)]

VM state:not at safepoint (normal execution)

VM Mutex/Monitor currently owned by a thread: None

Heap:
 PSYoungGen      total 1024K, used 20K [0x00000000d5e00000, 0x00000000d5f80000, 0x0000000100000000)
  eden space 512K, 4% used [0x00000000d5e00000,0x00000000d5e05288,0x00000000d5e80000)
  from space 512K, 0% used [0x00000000d5f00000,0x00000000d5f00000,0x00000000d5f80000)
  to   space 512K, 0% used [0x00000000d5e80000,0x00000000d5e80000,0x00000000d5f00000)
 ParOldGen       total 129536K, used 0K [0x0000000081a00000, 0x0000000089880000, 0x00000000d5e00000)
  object space 129536K, 0% used [0x0000000081a00000,0x0000000081a00000,0x0000000089880000)
 Metaspace       used 673K, capacity 4480K, committed 4480K, reserved 1056768K
  class space    used 66K, capacity 384K, committed 384K, reserved 1048576K

Card table byte_map: [0x0000000002d70000,0x0000000003170000] byte_map_base: 0x0000000002963000

Marking Bits: (ParMarkBitMap*) 0x00000000544a13b0
 Begin Bits: [0x0000000003c20000, 0x0000000005bb8000)
 End Bits:   [0x0000000005bb8000, 0x0000000007b50000)

Polling page: 0x00000000022d0000

CodeCache: size=245760Kb used=327Kb max_used=327Kb free=245432Kb
 bounds [0x000000000f010000, 0x000000000f280000, 0x000000001e010000]
 total_blobs=56 nmethods=0 adapters=37
 compilation: enabled

Compilation events (0 events):
No events

GC Heap History (0 events):
No events

Deoptimization events (0 events):
No events

Internal exceptions (0 events):
No events

Events (10 events):
Event: 0.034 loading class java/lang/Short
Event: 0.034 loading class java/lang/Short done
Event: 0.034 loading class java/lang/Integer
Event: 0.034 loading class java/lang/Integer done
Event: 0.034 loading class java/lang/Long
Event: 0.034 loading class java/lang/Long done
Event: 0.035 loading class java/lang/NullPointerException
Event: 0.035 loading class java/lang/NullPointerException done
Event: 0.035 loading class java/lang/ArithmeticException
Event: 0.035 loading class java/lang/ArithmeticException done


Dynamic libraries:
0x000007f783a10000 - 0x000007f783a44000 	C:\Program Files\Java\jdk1.8.0_05\bin\java.exe
0x000007ff258a0000 - 0x000007ff25a5e000 	C:\Windows\SYSTEM32\ntdll.dll
0x000007ff25760000 - 0x000007ff25897000 	C:\Windows\system32\KERNEL32.DLL
0x000007ff22b70000 - 0x000007ff22c64000 	C:\Windows\system32\KERNELBASE.dll
0x000007ff21100000 - 0x000007ff2119f000 	C:\Windows\system32\apphelp.dll
0x000007ff24380000 - 0x000007ff2445e000 	C:\Windows\system32\ADVAPI32.dll
0x000007ff245e0000 - 0x000007ff2472c000 	C:\Windows\system32\USER32.dll
0x000007ff21360000 - 0x000007ff215ca000 	C:\Windows\WinSxS\amd64_microsoft.windows.common-controls_6595b64144ccf1df_6.0.9200.16579_none_418ab7ef718b27ef\COMCTL32.dll
0x000007ff24270000 - 0x000007ff24315000 	C:\Windows\system32\msvcrt.dll
0x000007ff255a0000 - 0x000007ff255e8000 	C:\Windows\SYSTEM32\sechost.dll
0x000007ff24bf0000 - 0x000007ff24d35000 	C:\Windows\system32\RPCRT4.dll
0x000007ff24fd0000 - 0x000007ff25111000 	C:\Windows\system32\GDI32.dll
0x000007ff25550000 - 0x000007ff25589000 	C:\Windows\system32\IMM32.DLL
0x000007ff25280000 - 0x000007ff25395000 	C:\Windows\system32\MSCTF.dll
0x000007ff226c0000 - 0x000007ff226ef000 	C:\Windows\system32\nvinitx.dll
0x000000000f000000 - 0x000000000f006000 	C:\Program Files\NVIDIA Corporation\CoProcManager\detoured.dll
0x000007ff1fdb0000 - 0x000007ff1fe0f000 	C:\Program Files\NVIDIA Corporation\CoProcManager\nvd3d9wrapx.dll
0x000007ff24a20000 - 0x000007ff24bf0000 	C:\Windows\system32\SETUPAPI.dll
0x000007ff227e0000 - 0x000007ff2282f000 	C:\Windows\system32\CFGMGR32.dll
0x000007ff22830000 - 0x000007ff22852000 	C:\Windows\system32\DEVOBJ.dll
0x000007ff1fae0000 - 0x000007ff1fb26000 	C:\Program Files\NVIDIA Corporation\CoProcManager\nvdxgiwrapx.dll
0x000007ff223f0000 - 0x000007ff2246c000 	C:\Windows\system32\guard64.dll
0x000007ff25590000 - 0x000007ff25597000 	C:\Windows\system32\PSAPI.DLL
0x000007ff223e0000 - 0x000007ff223e9000 	C:\Windows\SYSTEM32\VERSION.dll
0x000007ff223d0000 - 0x000007ff223da000 	C:\Windows\SYSTEM32\fltlib.dll
0x000007ff223a0000 - 0x000007ff223ce000 	C:\Windows\SYSTEM32\ntmarta.dll
0x0000000053950000 - 0x0000000053a22000 	C:\Program Files\Java\jdk1.8.0_05\jre\bin\msvcr100.dll
0x0000000053cf0000 - 0x000000005451a000 	C:\Program Files\Java\jdk1.8.0_05\jre\bin\server\jvm.dll
0x000007ff13790000 - 0x000007ff13799000 	C:\Windows\SYSTEM32\WSOCK32.dll
0x000007ff1c0e0000 - 0x000007ff1c100000 	C:\Windows\SYSTEM32\WINMM.dll
0x000007ff24320000 - 0x000007ff24378000 	C:\Windows\system32\WS2_32.dll
0x000007ff1be80000 - 0x000007ff1beb3000 	C:\Windows\SYSTEM32\WINMMBASE.dll
0x000007ff25540000 - 0x000007ff25549000 	C:\Windows\system32\NSI.dll
0x00000000549c0000 - 0x00000000549cf000 	C:\Program Files\Java\jdk1.8.0_05\jre\bin\verify.dll
0x0000000054990000 - 0x00000000549b8000 	C:\Program Files\Java\jdk1.8.0_05\jre\bin\java.dll
0x0000000054970000 - 0x0000000054986000 	C:\Program Files\Java\jdk1.8.0_05\jre\bin\zip.dll

VM Arguments:
java_command: <unknown>
java_class_path (initial): .
Launcher Type: SUN_STANDARD

Environment Variables:
JAVA_HOME=C:\Program Files\Java\jdk1.8.0_05
PATH=C:\Program Files (x86)\NVIDIA Corporation\PhysX\Common;C:\Program Files (x86)\Intel\iCLS Client\;C:\Program Files\Intel\iCLS Client\;C:\Windows\system32;C:\Windows;C:\Windows\System32\Wbem;C:\Windows\System32\WindowsPowerShell\v1.0\;C:\Program Files\Intel\Intel(R) Management Engine Components\DAL;C:\Program Files\Intel\Intel(R) Management Engine Components\IPT;C:\Program Files (x86)\Intel\Intel(R) Management Engine Components\DAL;C:\Program Files (x86)\Intel\Intel(R) Management Engine Components\IPT;C:\Program Files (x86)\Intel\OpenCL SDK\2.0\bin\x86;C:\Program Files (x86)\Intel\OpenCL SDK\2.0\bin\x64;C:\Program Files (x86)\Microsoft SQL Server\100\Tools\Binn\;C:\Program Files\Microsoft SQL Server\100\Tools\Binn\;C:\Program Files\Microsoft SQL Server\100\DTS\Binn\;C:\Program Files (x86)\GtkSharp\2.12\bin;C:\Program Files (x86)\Microsoft SQL Server\100\DTS\Binn\;C:\Program Files (x86)\Microsoft SQL Server\100\Tools\Binn\VSShell\Common7\IDE\;C:\WebServers\usr\local\instantclient_10_2
USERNAME=rsdev
OS=Windows_NT
PROCESSOR_IDENTIFIER=Intel64 Family 6 Model 58 Stepping 9, GenuineIntel



---------------  S Y S T E M  ---------------

OS: Windows 8 , 64 bit Build 9200 

CPU:total 8 (4 cores per cpu, 2 threads per core) family 6 model 58 stepping 9, cmov, cx8, fxsr, mmx, sse, sse2, sse3, ssse3, sse4.1, sse4.2, popcnt, avx, aes, clmul, erms, ht, tsc, tscinvbit

Memory: 4k page, physical 8279124k(1887864k free), swap 8279124k(5112k free)

vm_info: Java HotSpot(TM) 64-Bit Server VM (25.5-b02) for windows-amd64 JRE (1.8.0_05-b13), built on Mar 18 2014 01:08:39 by "java_re" with MS VC++ 10.0 (VS2010)

time: Mon Mar 16 08:59:41 2015
elapsed time: 0 seconds

